<?xml version="1.0" encoding="UTF-8"?>
<testsuite name="com.example.springboot.web.dto.HelloResponseDtoTest" tests="1" skipped="0" failures="0" errors="0" timestamp="2020-10-26T06:56:22" hostname="DESKTOP-VJI6FO7" time="0.005">
  <properties/>
  <testcase name="test_lombok" classname="com.example.springboot.web.dto.HelloResponseDtoTest" time="0.005"/>
  <system-out><![CDATA[]]></system-out>
  <system-err><![CDATA[]]></system-err>
</testsuite>
