<?xml version="1.0" encoding="UTF-8"?>
<testsuite name="com.example.springboot.web.HelloControllerTest" tests="2" skipped="0" failures="0" errors="0" timestamp="2020-10-26T06:56:23" hostname="DESKTOP-VJI6FO7" time="0.14">
  <properties/>
  <testcase name="hello_test" classname="com.example.springboot.web.HelloControllerTest" time="0.059"/>
  <testcase name="HelloResponseDto_test" classname="com.example.springboot.web.HelloControllerTest" time="0.081"/>
  <system-out><![CDATA[2020-10-26 15:56:22.218  INFO 24752 --- [    Test worker] .b.t.a.w.s.WebMvcTestContextBootstrapper : Neither @ContextConfiguration nor @ContextHierarchy found for test class [com.example.springboot.web.HelloControllerTest], using SpringBootContextLoader
2020-10-26 15:56:22.219  INFO 24752 --- [    Test worker] o.s.t.c.support.AbstractContextLoader    : Could not detect default resource locations for test class [com.example.springboot.web.HelloControllerTest]: no resource found for suffixes {-context.xml, Context.groovy}.
2020-10-26 15:56:22.220  INFO 24752 --- [    Test worker] t.c.s.AnnotationConfigContextLoaderUtils : Could not detect default configuration classes for test class [com.example.springboot.web.HelloControllerTest]: HelloControllerTest does not declare any static, non-private, non-final, nested classes annotated with @Configuration.
2020-10-26 15:56:22.264  INFO 24752 --- [    Test worker] .b.t.c.SpringBootTestContextBootstrapper : Found @SpringBootConfiguration com.example.springboot.Application for test class com.example.springboot.web.HelloControllerTest
2020-10-26 15:56:22.265  INFO 24752 --- [    Test worker] .b.t.a.w.s.WebMvcTestContextBootstrapper : Loaded default TestExecutionListener class names from location [META-INF/spring.factories]: [org.springframework.security.test.context.support.WithSecurityContextTestExecutionListener, org.springframework.security.test.context.support.ReactorContextTestExecutionListener, org.springframework.boot.test.autoconfigure.restdocs.RestDocsTestExecutionListener, org.springframework.boot.test.autoconfigure.web.client.MockRestServiceServerResetTestExecutionListener, org.springframework.boot.test.autoconfigure.web.servlet.MockMvcPrintOnlyOnFailureTestExecutionListener, org.springframework.boot.test.autoconfigure.web.servlet.WebDriverTestExecutionListener, org.springframework.boot.test.mock.mockito.MockitoTestExecutionListener, org.springframework.boot.test.mock.mockito.ResetMocksTestExecutionListener, org.springframework.test.context.web.ServletTestExecutionListener, org.springframework.test.context.support.DirtiesContextBeforeModesTestExecutionListener, org.springframework.test.context.support.DependencyInjectionTestExecutionListener, org.springframework.test.context.support.DirtiesContextTestExecutionListener, org.springframework.test.context.transaction.TransactionalTestExecutionListener, org.springframework.test.context.jdbc.SqlScriptsTestExecutionListener]
2020-10-26 15:56:22.267  INFO 24752 --- [    Test worker] .b.t.a.w.s.WebMvcTestContextBootstrapper : Using TestExecutionListeners: [org.springframework.test.context.web.ServletTestExecutionListener@427143a9, org.springframework.test.context.support.DirtiesContextBeforeModesTestExecutionListener@5b5594d2, org.springframework.boot.test.mock.mockito.MockitoTestExecutionListener@7612e5b6, org.springframework.boot.test.autoconfigure.SpringBootDependencyInjectionTestExecutionListener@28ffe850, org.springframework.test.context.support.DirtiesContextTestExecutionListener@60db9aed, org.springframework.test.context.transaction.TransactionalTestExecutionListener@17df7120, org.springframework.test.context.jdbc.SqlScriptsTestExecutionListener@76011938, org.springframework.security.test.context.support.WithSecurityContextTestExecutionListener@21ebd2c0, org.springframework.security.test.context.support.ReactorContextTestExecutionListener@1ddb38e2, org.springframework.boot.test.autoconfigure.restdocs.RestDocsTestExecutionListener@71610c08, org.springframework.boot.test.autoconfigure.web.client.MockRestServiceServerResetTestExecutionListener@f5713c5, org.springframework.boot.test.autoconfigure.web.servlet.MockMvcPrintOnlyOnFailureTestExecutionListener@70d5ad3d, org.springframework.boot.test.autoconfigure.web.servlet.WebDriverTestExecutionListener@348d97ed, org.springframework.boot.test.mock.mockito.ResetMocksTestExecutionListener@4df5dc38]

  .   ____          _            __ _ _
 /\\ / ___'_ __ _ _(_)_ __  __ _ \ \ \ \
( ( )\___ | '_ | '_| | '_ \/ _` | \ \ \ \
 \\/  ___)| |_)| | | | | || (_| |  ) ) ) )
  '  |____| .__|_| |_|_| |_\__, | / / / /
 =========|_|==============|___/=/_/_/_/
 :: Spring Boot ::        (v2.1.7.RELEASE)

2020-10-26 15:56:22.327  INFO 24752 --- [    Test worker] c.e.springboot.web.HelloControllerTest   : Starting HelloControllerTest on DESKTOP-VJI6FO7 with PID 24752 (started by orange in C:\Users\orange\IdeaProjects\springboot-webService)
2020-10-26 15:56:22.328  INFO 24752 --- [    Test worker] c.e.springboot.web.HelloControllerTest   : No active profile set, falling back to default profiles: default
2020-10-26 15:56:22.832  INFO 24752 --- [    Test worker] o.s.s.concurrent.ThreadPoolTaskExecutor  : Initializing ExecutorService 'applicationTaskExecutor'
2020-10-26 15:56:22.863  INFO 24752 --- [    Test worker] o.s.b.a.w.s.WelcomePageHandlerMapping    : Adding welcome page template: index
2020-10-26 15:56:23.064  INFO 24752 --- [    Test worker] .s.s.UserDetailsServiceAutoConfiguration : 

Using generated security password: a51443ac-0eb0-47e9-ad55-84905bea636b

2020-10-26 15:56:23.202  INFO 24752 --- [    Test worker] o.s.s.web.DefaultSecurityFilterChain     : Creating filter chain: any request, [org.springframework.security.web.context.request.async.WebAsyncManagerIntegrationFilter@41b74409, org.springframework.security.web.context.SecurityContextPersistenceFilter@57862203, org.springframework.security.web.header.HeaderWriterFilter@4a5fb97a, org.springframework.security.web.csrf.CsrfFilter@66a211e4, org.springframework.security.web.authentication.logout.LogoutFilter@35b073, org.springframework.security.web.authentication.UsernamePasswordAuthenticationFilter@7b8a161b, org.springframework.security.web.authentication.ui.DefaultLoginPageGeneratingFilter@7a49c8cc, org.springframework.security.web.authentication.ui.DefaultLogoutPageGeneratingFilter@65c9c5d3, org.springframework.security.web.authentication.www.BasicAuthenticationFilter@1e7e73c4, org.springframework.security.web.savedrequest.RequestCacheAwareFilter@54104c53, org.springframework.security.web.servletapi.SecurityContextHolderAwareRequestFilter@6333abc2, org.springframework.security.web.authentication.AnonymousAuthenticationFilter@8446afd, org.springframework.security.web.session.SessionManagementFilter@3c84ace4, org.springframework.security.web.access.ExceptionTranslationFilter@7cdfe941, org.springframework.security.web.access.intercept.FilterSecurityInterceptor@1a173654]
2020-10-26 15:56:23.241  INFO 24752 --- [    Test worker] o.s.b.t.m.w.SpringBootMockServletContext : Initializing Spring TestDispatcherServlet ''
2020-10-26 15:56:23.241  INFO 24752 --- [    Test worker] o.s.t.web.servlet.TestDispatcherServlet  : Initializing Servlet ''
2020-10-26 15:56:23.254  INFO 24752 --- [    Test worker] o.s.t.web.servlet.TestDispatcherServlet  : Completed initialization in 13 ms
2020-10-26 15:56:23.285  INFO 24752 --- [    Test worker] c.e.springboot.web.HelloControllerTest   : Started HelloControllerTest in 1.015 seconds (JVM running for 10.125)
]]></system-out>
  <system-err><![CDATA[]]></system-err>
</testsuite>
