<?xml version="1.0" encoding="UTF-8"?>
<testsuite name="com.example.springboot.web.HelloControllerTest" tests="2" skipped="0" failures="0" errors="0" timestamp="2020-10-26T09:08:24" hostname="DESKTOP-VJI6FO7" time="0.145">
  <properties/>
  <testcase name="hello_test" classname="com.example.springboot.web.HelloControllerTest" time="0.065"/>
  <testcase name="HelloResponseDto_test" classname="com.example.springboot.web.HelloControllerTest" time="0.08"/>
  <system-out><![CDATA[2020-10-26 18:08:23.715  INFO 14740 --- [    Test worker] .b.t.a.w.s.WebMvcTestContextBootstrapper : Neither @ContextConfiguration nor @ContextHierarchy found for test class [com.example.springboot.web.HelloControllerTest], using SpringBootContextLoader
2020-10-26 18:08:23.718  INFO 14740 --- [    Test worker] o.s.t.c.support.AbstractContextLoader    : Could not detect default resource locations for test class [com.example.springboot.web.HelloControllerTest]: no resource found for suffixes {-context.xml, Context.groovy}.
2020-10-26 18:08:23.718  INFO 14740 --- [    Test worker] t.c.s.AnnotationConfigContextLoaderUtils : Could not detect default configuration classes for test class [com.example.springboot.web.HelloControllerTest]: HelloControllerTest does not declare any static, non-private, non-final, nested classes annotated with @Configuration.
2020-10-26 18:08:23.749  INFO 14740 --- [    Test worker] .b.t.c.SpringBootTestContextBootstrapper : Found @SpringBootConfiguration com.example.springboot.Application for test class com.example.springboot.web.HelloControllerTest
2020-10-26 18:08:23.750  INFO 14740 --- [    Test worker] .b.t.a.w.s.WebMvcTestContextBootstrapper : Loaded default TestExecutionListener class names from location [META-INF/spring.factories]: [org.springframework.security.test.context.support.WithSecurityContextTestExecutionListener, org.springframework.security.test.context.support.ReactorContextTestExecutionListener, org.springframework.boot.test.autoconfigure.restdocs.RestDocsTestExecutionListener, org.springframework.boot.test.autoconfigure.web.client.MockRestServiceServerResetTestExecutionListener, org.springframework.boot.test.autoconfigure.web.servlet.MockMvcPrintOnlyOnFailureTestExecutionListener, org.springframework.boot.test.autoconfigure.web.servlet.WebDriverTestExecutionListener, org.springframework.boot.test.mock.mockito.MockitoTestExecutionListener, org.springframework.boot.test.mock.mockito.ResetMocksTestExecutionListener, org.springframework.test.context.web.ServletTestExecutionListener, org.springframework.test.context.support.DirtiesContextBeforeModesTestExecutionListener, org.springframework.test.context.support.DependencyInjectionTestExecutionListener, org.springframework.test.context.support.DirtiesContextTestExecutionListener, org.springframework.test.context.transaction.TransactionalTestExecutionListener, org.springframework.test.context.jdbc.SqlScriptsTestExecutionListener]
2020-10-26 18:08:23.752  INFO 14740 --- [    Test worker] .b.t.a.w.s.WebMvcTestContextBootstrapper : Using TestExecutionListeners: [org.springframework.test.context.web.ServletTestExecutionListener@21e24aba, org.springframework.test.context.support.DirtiesContextBeforeModesTestExecutionListener@4bc46c36, org.springframework.boot.test.mock.mockito.MockitoTestExecutionListener@76b90947, org.springframework.boot.test.autoconfigure.SpringBootDependencyInjectionTestExecutionListener@281f4b6a, org.springframework.test.context.support.DirtiesContextTestExecutionListener@1b9b6349, org.springframework.test.context.transaction.TransactionalTestExecutionListener@73d619d0, org.springframework.test.context.jdbc.SqlScriptsTestExecutionListener@4d1bc5dc, org.springframework.security.test.context.support.WithSecurityContextTestExecutionListener@1f8d830e, org.springframework.security.test.context.support.ReactorContextTestExecutionListener@5fcc2a9d, org.springframework.boot.test.autoconfigure.restdocs.RestDocsTestExecutionListener@1c97b02d, org.springframework.boot.test.autoconfigure.web.client.MockRestServiceServerResetTestExecutionListener@fb1b346, org.springframework.boot.test.autoconfigure.web.servlet.MockMvcPrintOnlyOnFailureTestExecutionListener@7c57c44d, org.springframework.boot.test.autoconfigure.web.servlet.WebDriverTestExecutionListener@42718198, org.springframework.boot.test.mock.mockito.ResetMocksTestExecutionListener@63464723]

  .   ____          _            __ _ _
 /\\ / ___'_ __ _ _(_)_ __  __ _ \ \ \ \
( ( )\___ | '_ | '_| | '_ \/ _` | \ \ \ \
 \\/  ___)| |_)| | | | | || (_| |  ) ) ) )
  '  |____| .__|_| |_|_| |_\__, | / / / /
 =========|_|==============|___/=/_/_/_/
 :: Spring Boot ::        (v2.1.7.RELEASE)

2020-10-26 18:08:23.802  INFO 14740 --- [    Test worker] c.e.springboot.web.HelloControllerTest   : Starting HelloControllerTest on DESKTOP-VJI6FO7 with PID 14740 (started by orange in C:\Users\orange\IdeaProjects\springboot-webService)
2020-10-26 18:08:23.803  INFO 14740 --- [    Test worker] c.e.springboot.web.HelloControllerTest   : No active profile set, falling back to default profiles: default
2020-10-26 18:08:24.308  INFO 14740 --- [    Test worker] o.s.s.concurrent.ThreadPoolTaskExecutor  : Initializing ExecutorService 'applicationTaskExecutor'
2020-10-26 18:08:24.337  INFO 14740 --- [    Test worker] o.s.b.a.w.s.WelcomePageHandlerMapping    : Adding welcome page template: index
2020-10-26 18:08:24.557  INFO 14740 --- [    Test worker] .s.s.UserDetailsServiceAutoConfiguration : 

Using generated security password: 89729b66-6488-42e5-97ec-67a97e31dcba

2020-10-26 18:08:24.695  INFO 14740 --- [    Test worker] o.s.s.web.DefaultSecurityFilterChain     : Creating filter chain: any request, [org.springframework.security.web.context.request.async.WebAsyncManagerIntegrationFilter@5873746c, org.springframework.security.web.context.SecurityContextPersistenceFilter@5636e7d3, org.springframework.security.web.header.HeaderWriterFilter@4d83c337, org.springframework.security.web.csrf.CsrfFilter@705cc468, org.springframework.security.web.authentication.logout.LogoutFilter@2dd6e7e4, org.springframework.security.web.authentication.UsernamePasswordAuthenticationFilter@58fc0b78, org.springframework.security.web.authentication.ui.DefaultLoginPageGeneratingFilter@1f3a1d39, org.springframework.security.web.authentication.ui.DefaultLogoutPageGeneratingFilter@2bbadfc5, org.springframework.security.web.authentication.www.BasicAuthenticationFilter@41dc9686, org.springframework.security.web.savedrequest.RequestCacheAwareFilter@4618fe0e, org.springframework.security.web.servletapi.SecurityContextHolderAwareRequestFilter@15511781, org.springframework.security.web.authentication.AnonymousAuthenticationFilter@ef70492, org.springframework.security.web.session.SessionManagementFilter@5b6a216b, org.springframework.security.web.access.ExceptionTranslationFilter@2cd79d36, org.springframework.security.web.access.intercept.FilterSecurityInterceptor@48d90c8d]
2020-10-26 18:08:24.736  INFO 14740 --- [    Test worker] o.s.b.t.m.w.SpringBootMockServletContext : Initializing Spring TestDispatcherServlet ''
2020-10-26 18:08:24.737  INFO 14740 --- [    Test worker] o.s.t.web.servlet.TestDispatcherServlet  : Initializing Servlet ''
2020-10-26 18:08:24.758  INFO 14740 --- [    Test worker] o.s.t.web.servlet.TestDispatcherServlet  : Completed initialization in 21 ms
2020-10-26 18:08:24.793  INFO 14740 --- [    Test worker] c.e.springboot.web.HelloControllerTest   : Started HelloControllerTest in 1.037 seconds (JVM running for 9.48)
]]></system-out>
  <system-err><![CDATA[]]></system-err>
</testsuite>
