<?xml version="1.0" encoding="UTF-8"?>
<testsuite name="com.example.springboot.web.HelloControllerTest" tests="2" skipped="0" failures="0" errors="0" timestamp="2020-10-22T08:36:27" hostname="DESKTOP-VJI6FO7" time="0.153">
  <properties/>
  <testcase name="hello_test" classname="com.example.springboot.web.HelloControllerTest" time="0.068"/>
  <testcase name="HelloResponseDto_test" classname="com.example.springboot.web.HelloControllerTest" time="0.084"/>
  <system-out><![CDATA[2020-10-22 17:36:26.081  INFO 10168 --- [    Test worker] .b.t.a.w.s.WebMvcTestContextBootstrapper : Neither @ContextConfiguration nor @ContextHierarchy found for test class [com.example.springboot.web.HelloControllerTest], using SpringBootContextLoader
2020-10-22 17:36:26.082  INFO 10168 --- [    Test worker] o.s.t.c.support.AbstractContextLoader    : Could not detect default resource locations for test class [com.example.springboot.web.HelloControllerTest]: no resource found for suffixes {-context.xml, Context.groovy}.
2020-10-22 17:36:26.082  INFO 10168 --- [    Test worker] t.c.s.AnnotationConfigContextLoaderUtils : Could not detect default configuration classes for test class [com.example.springboot.web.HelloControllerTest]: HelloControllerTest does not declare any static, non-private, non-final, nested classes annotated with @Configuration.
2020-10-22 17:36:26.114  INFO 10168 --- [    Test worker] .b.t.c.SpringBootTestContextBootstrapper : Found @SpringBootConfiguration com.example.springboot.Application for test class com.example.springboot.web.HelloControllerTest
2020-10-22 17:36:26.114  INFO 10168 --- [    Test worker] .b.t.a.w.s.WebMvcTestContextBootstrapper : Loaded default TestExecutionListener class names from location [META-INF/spring.factories]: [org.springframework.security.test.context.support.WithSecurityContextTestExecutionListener, org.springframework.security.test.context.support.ReactorContextTestExecutionListener, org.springframework.boot.test.autoconfigure.restdocs.RestDocsTestExecutionListener, org.springframework.boot.test.autoconfigure.web.client.MockRestServiceServerResetTestExecutionListener, org.springframework.boot.test.autoconfigure.web.servlet.MockMvcPrintOnlyOnFailureTestExecutionListener, org.springframework.boot.test.autoconfigure.web.servlet.WebDriverTestExecutionListener, org.springframework.boot.test.mock.mockito.MockitoTestExecutionListener, org.springframework.boot.test.mock.mockito.ResetMocksTestExecutionListener, org.springframework.test.context.web.ServletTestExecutionListener, org.springframework.test.context.support.DirtiesContextBeforeModesTestExecutionListener, org.springframework.test.context.support.DependencyInjectionTestExecutionListener, org.springframework.test.context.support.DirtiesContextTestExecutionListener, org.springframework.test.context.transaction.TransactionalTestExecutionListener, org.springframework.test.context.jdbc.SqlScriptsTestExecutionListener]
2020-10-22 17:36:26.116  INFO 10168 --- [    Test worker] .b.t.a.w.s.WebMvcTestContextBootstrapper : Using TestExecutionListeners: [org.springframework.test.context.web.ServletTestExecutionListener@3d818a32, org.springframework.test.context.support.DirtiesContextBeforeModesTestExecutionListener@77dc21e, org.springframework.boot.test.mock.mockito.MockitoTestExecutionListener@3130fba3, org.springframework.boot.test.autoconfigure.SpringBootDependencyInjectionTestExecutionListener@8047afb, org.springframework.test.context.support.DirtiesContextTestExecutionListener@39e5b1d3, org.springframework.test.context.transaction.TransactionalTestExecutionListener@50e1e9c3, org.springframework.test.context.jdbc.SqlScriptsTestExecutionListener@66baed9f, org.springframework.security.test.context.support.WithSecurityContextTestExecutionListener@4d428011, org.springframework.security.test.context.support.ReactorContextTestExecutionListener@593ddb43, org.springframework.boot.test.autoconfigure.restdocs.RestDocsTestExecutionListener@6cd9e56, org.springframework.boot.test.autoconfigure.web.client.MockRestServiceServerResetTestExecutionListener@372a4d05, org.springframework.boot.test.autoconfigure.web.servlet.MockMvcPrintOnlyOnFailureTestExecutionListener@6eb111f9, org.springframework.boot.test.autoconfigure.web.servlet.WebDriverTestExecutionListener@596138af, org.springframework.boot.test.mock.mockito.ResetMocksTestExecutionListener@33b422fb]

  .   ____          _            __ _ _
 /\\ / ___'_ __ _ _(_)_ __  __ _ \ \ \ \
( ( )\___ | '_ | '_| | '_ \/ _` | \ \ \ \
 \\/  ___)| |_)| | | | | || (_| |  ) ) ) )
  '  |____| .__|_| |_|_| |_\__, | / / / /
 =========|_|==============|___/=/_/_/_/
 :: Spring Boot ::        (v2.1.7.RELEASE)

2020-10-22 17:36:26.153  INFO 10168 --- [    Test worker] c.e.springboot.web.HelloControllerTest   : Starting HelloControllerTest on DESKTOP-VJI6FO7 with PID 10168 (started by orange in C:\Users\orange\IdeaProjects\springboot-webSevice)
2020-10-22 17:36:26.155  INFO 10168 --- [    Test worker] c.e.springboot.web.HelloControllerTest   : No active profile set, falling back to default profiles: default
2020-10-22 17:36:26.619  INFO 10168 --- [    Test worker] o.s.s.concurrent.ThreadPoolTaskExecutor  : Initializing ExecutorService 'applicationTaskExecutor'
2020-10-22 17:36:26.651  INFO 10168 --- [    Test worker] o.s.b.a.w.s.WelcomePageHandlerMapping    : Adding welcome page template: index
2020-10-22 17:36:26.893  INFO 10168 --- [    Test worker] .s.s.UserDetailsServiceAutoConfiguration : 

Using generated security password: bcf05027-6acb-4f78-b355-2f8e8c6de2f9

2020-10-22 17:36:27.033  INFO 10168 --- [    Test worker] o.s.s.web.DefaultSecurityFilterChain     : Creating filter chain: any request, [org.springframework.security.web.context.request.async.WebAsyncManagerIntegrationFilter@487557a5, org.springframework.security.web.context.SecurityContextPersistenceFilter@25c0aaa0, org.springframework.security.web.header.HeaderWriterFilter@5960c6f3, org.springframework.security.web.csrf.CsrfFilter@591662ed, org.springframework.security.web.authentication.logout.LogoutFilter@4927aafc, org.springframework.security.web.authentication.UsernamePasswordAuthenticationFilter@6779c7f2, org.springframework.security.web.authentication.ui.DefaultLoginPageGeneratingFilter@771ec186, org.springframework.security.web.authentication.ui.DefaultLogoutPageGeneratingFilter@6201af79, org.springframework.security.web.authentication.www.BasicAuthenticationFilter@233fe560, org.springframework.security.web.savedrequest.RequestCacheAwareFilter@45417ff4, org.springframework.security.web.servletapi.SecurityContextHolderAwareRequestFilter@1a496ef1, org.springframework.security.web.authentication.AnonymousAuthenticationFilter@3ec952bc, org.springframework.security.web.session.SessionManagementFilter@338bc638, org.springframework.security.web.access.ExceptionTranslationFilter@5ae740cc, org.springframework.security.web.access.intercept.FilterSecurityInterceptor@1a9aa1e5]
2020-10-22 17:36:27.072  INFO 10168 --- [    Test worker] o.s.b.t.m.w.SpringBootMockServletContext : Initializing Spring TestDispatcherServlet ''
2020-10-22 17:36:27.073  INFO 10168 --- [    Test worker] o.s.t.web.servlet.TestDispatcherServlet  : Initializing Servlet ''
2020-10-22 17:36:27.088  INFO 10168 --- [    Test worker] o.s.t.web.servlet.TestDispatcherServlet  : Completed initialization in 15 ms
2020-10-22 17:36:27.117  INFO 10168 --- [    Test worker] c.e.springboot.web.HelloControllerTest   : Started HelloControllerTest in 0.998 seconds (JVM running for 10.159)
]]></system-out>
  <system-err><![CDATA[]]></system-err>
</testsuite>
