<?xml version="1.0" encoding="UTF-8"?>
<testsuite name="com.example.springboot.web.HelloControllerTest" tests="2" skipped="0" failures="0" errors="0" timestamp="2020-10-26T08:56:37" hostname="DESKTOP-VJI6FO7" time="0.125">
  <properties/>
  <testcase name="hello_test" classname="com.example.springboot.web.HelloControllerTest" time="0.056"/>
  <testcase name="HelloResponseDto_test" classname="com.example.springboot.web.HelloControllerTest" time="0.068"/>
  <system-out><![CDATA[2020-10-26 17:56:36.845  INFO 33628 --- [    Test worker] .b.t.a.w.s.WebMvcTestContextBootstrapper : Neither @ContextConfiguration nor @ContextHierarchy found for test class [com.example.springboot.web.HelloControllerTest], using SpringBootContextLoader
2020-10-26 17:56:36.846  INFO 33628 --- [    Test worker] o.s.t.c.support.AbstractContextLoader    : Could not detect default resource locations for test class [com.example.springboot.web.HelloControllerTest]: no resource found for suffixes {-context.xml, Context.groovy}.
2020-10-26 17:56:36.847  INFO 33628 --- [    Test worker] t.c.s.AnnotationConfigContextLoaderUtils : Could not detect default configuration classes for test class [com.example.springboot.web.HelloControllerTest]: HelloControllerTest does not declare any static, non-private, non-final, nested classes annotated with @Configuration.
2020-10-26 17:56:36.871  INFO 33628 --- [    Test worker] .b.t.c.SpringBootTestContextBootstrapper : Found @SpringBootConfiguration com.example.springboot.Application for test class com.example.springboot.web.HelloControllerTest
2020-10-26 17:56:36.871  INFO 33628 --- [    Test worker] .b.t.a.w.s.WebMvcTestContextBootstrapper : Loaded default TestExecutionListener class names from location [META-INF/spring.factories]: [org.springframework.security.test.context.support.WithSecurityContextTestExecutionListener, org.springframework.security.test.context.support.ReactorContextTestExecutionListener, org.springframework.boot.test.autoconfigure.restdocs.RestDocsTestExecutionListener, org.springframework.boot.test.autoconfigure.web.client.MockRestServiceServerResetTestExecutionListener, org.springframework.boot.test.autoconfigure.web.servlet.MockMvcPrintOnlyOnFailureTestExecutionListener, org.springframework.boot.test.autoconfigure.web.servlet.WebDriverTestExecutionListener, org.springframework.boot.test.mock.mockito.MockitoTestExecutionListener, org.springframework.boot.test.mock.mockito.ResetMocksTestExecutionListener, org.springframework.test.context.web.ServletTestExecutionListener, org.springframework.test.context.support.DirtiesContextBeforeModesTestExecutionListener, org.springframework.test.context.support.DependencyInjectionTestExecutionListener, org.springframework.test.context.support.DirtiesContextTestExecutionListener, org.springframework.test.context.transaction.TransactionalTestExecutionListener, org.springframework.test.context.jdbc.SqlScriptsTestExecutionListener]
2020-10-26 17:56:36.873  INFO 33628 --- [    Test worker] .b.t.a.w.s.WebMvcTestContextBootstrapper : Using TestExecutionListeners: [org.springframework.test.context.web.ServletTestExecutionListener@7de6b08, org.springframework.test.context.support.DirtiesContextBeforeModesTestExecutionListener@3f2bb9d7, org.springframework.boot.test.mock.mockito.MockitoTestExecutionListener@7212b4c, org.springframework.boot.test.autoconfigure.SpringBootDependencyInjectionTestExecutionListener@111957cd, org.springframework.test.context.support.DirtiesContextTestExecutionListener@65ebe8cd, org.springframework.test.context.transaction.TransactionalTestExecutionListener@7ec10a6, org.springframework.test.context.jdbc.SqlScriptsTestExecutionListener@999205c, org.springframework.security.test.context.support.WithSecurityContextTestExecutionListener@5265b99d, org.springframework.security.test.context.support.ReactorContextTestExecutionListener@68729e9c, org.springframework.boot.test.autoconfigure.restdocs.RestDocsTestExecutionListener@f7cca14, org.springframework.boot.test.autoconfigure.web.client.MockRestServiceServerResetTestExecutionListener@4f278067, org.springframework.boot.test.autoconfigure.web.servlet.MockMvcPrintOnlyOnFailureTestExecutionListener@30f1714f, org.springframework.boot.test.autoconfigure.web.servlet.WebDriverTestExecutionListener@4c0b8fb3, org.springframework.boot.test.mock.mockito.ResetMocksTestExecutionListener@254ec04c]

  .   ____          _            __ _ _
 /\\ / ___'_ __ _ _(_)_ __  __ _ \ \ \ \
( ( )\___ | '_ | '_| | '_ \/ _` | \ \ \ \
 \\/  ___)| |_)| | | | | || (_| |  ) ) ) )
  '  |____| .__|_| |_|_| |_\__, | / / / /
 =========|_|==============|___/=/_/_/_/
 :: Spring Boot ::        (v2.1.7.RELEASE)

2020-10-26 17:56:36.906  INFO 33628 --- [    Test worker] c.e.springboot.web.HelloControllerTest   : Starting HelloControllerTest on DESKTOP-VJI6FO7 with PID 33628 (started by orange in C:\Users\orange\IdeaProjects\springboot-webService)
2020-10-26 17:56:36.907  INFO 33628 --- [    Test worker] c.e.springboot.web.HelloControllerTest   : No active profile set, falling back to default profiles: default
2020-10-26 17:56:37.393  INFO 33628 --- [    Test worker] o.s.s.concurrent.ThreadPoolTaskExecutor  : Initializing ExecutorService 'applicationTaskExecutor'
2020-10-26 17:56:37.432  INFO 33628 --- [    Test worker] o.s.b.a.w.s.WelcomePageHandlerMapping    : Adding welcome page template: index
2020-10-26 17:56:37.718  INFO 33628 --- [    Test worker] .s.s.UserDetailsServiceAutoConfiguration : 

Using generated security password: 0cf5a2c4-e4ef-4850-a80f-1223a0432fe4

2020-10-26 17:56:37.850  INFO 33628 --- [    Test worker] o.s.s.web.DefaultSecurityFilterChain     : Creating filter chain: any request, [org.springframework.security.web.context.request.async.WebAsyncManagerIntegrationFilter@66f2d5a, org.springframework.security.web.context.SecurityContextPersistenceFilter@63a25e74, org.springframework.security.web.header.HeaderWriterFilter@126fae4f, org.springframework.security.web.csrf.CsrfFilter@7bc40e25, org.springframework.security.web.authentication.logout.LogoutFilter@2c12b61a, org.springframework.security.web.authentication.UsernamePasswordAuthenticationFilter@6e506ee, org.springframework.security.web.authentication.ui.DefaultLoginPageGeneratingFilter@77149dd8, org.springframework.security.web.authentication.ui.DefaultLogoutPageGeneratingFilter@782da94d, org.springframework.security.web.authentication.www.BasicAuthenticationFilter@6423f952, org.springframework.security.web.savedrequest.RequestCacheAwareFilter@58df9599, org.springframework.security.web.servletapi.SecurityContextHolderAwareRequestFilter@372d551b, org.springframework.security.web.authentication.AnonymousAuthenticationFilter@3bf2673, org.springframework.security.web.session.SessionManagementFilter@49812f01, org.springframework.security.web.access.ExceptionTranslationFilter@694a5188, org.springframework.security.web.access.intercept.FilterSecurityInterceptor@2f5c7d6f]
2020-10-26 17:56:37.884  INFO 33628 --- [    Test worker] o.s.b.t.m.w.SpringBootMockServletContext : Initializing Spring TestDispatcherServlet ''
2020-10-26 17:56:37.884  INFO 33628 --- [    Test worker] o.s.t.web.servlet.TestDispatcherServlet  : Initializing Servlet ''
2020-10-26 17:56:37.899  INFO 33628 --- [    Test worker] o.s.t.web.servlet.TestDispatcherServlet  : Completed initialization in 15 ms
2020-10-26 17:56:37.929  INFO 33628 --- [    Test worker] c.e.springboot.web.HelloControllerTest   : Started HelloControllerTest in 1.054 seconds (JVM running for 11.337)
]]></system-out>
  <system-err><![CDATA[]]></system-err>
</testsuite>
