<?xml version="1.0" encoding="UTF-8"?>
<testsuite name="com.example.springboot.web.HelloControllerTest" tests="2" skipped="0" failures="0" errors="0" timestamp="2020-10-27T08:50:28" hostname="DESKTOP-VJI6FO7" time="0.146">
  <properties/>
  <testcase name="hello_test" classname="com.example.springboot.web.HelloControllerTest" time="0.066"/>
  <testcase name="HelloResponseDto_test" classname="com.example.springboot.web.HelloControllerTest" time="0.08"/>
  <system-out><![CDATA[2020-10-27 17:50:27.154  INFO 20228 --- [    Test worker] .b.t.a.w.s.WebMvcTestContextBootstrapper : Neither @ContextConfiguration nor @ContextHierarchy found for test class [com.example.springboot.web.HelloControllerTest], using SpringBootContextLoader
2020-10-27 17:50:27.156  INFO 20228 --- [    Test worker] o.s.t.c.support.AbstractContextLoader    : Could not detect default resource locations for test class [com.example.springboot.web.HelloControllerTest]: no resource found for suffixes {-context.xml, Context.groovy}.
2020-10-27 17:50:27.158  INFO 20228 --- [    Test worker] t.c.s.AnnotationConfigContextLoaderUtils : Could not detect default configuration classes for test class [com.example.springboot.web.HelloControllerTest]: HelloControllerTest does not declare any static, non-private, non-final, nested classes annotated with @Configuration.
2020-10-27 17:50:27.216  INFO 20228 --- [    Test worker] .b.t.c.SpringBootTestContextBootstrapper : Found @SpringBootConfiguration com.example.springboot.Application for test class com.example.springboot.web.HelloControllerTest
2020-10-27 17:50:27.217  INFO 20228 --- [    Test worker] .b.t.a.w.s.WebMvcTestContextBootstrapper : Loaded default TestExecutionListener class names from location [META-INF/spring.factories]: [org.springframework.security.test.context.support.WithSecurityContextTestExecutionListener, org.springframework.security.test.context.support.ReactorContextTestExecutionListener, org.springframework.boot.test.autoconfigure.restdocs.RestDocsTestExecutionListener, org.springframework.boot.test.autoconfigure.web.client.MockRestServiceServerResetTestExecutionListener, org.springframework.boot.test.autoconfigure.web.servlet.MockMvcPrintOnlyOnFailureTestExecutionListener, org.springframework.boot.test.autoconfigure.web.servlet.WebDriverTestExecutionListener, org.springframework.boot.test.mock.mockito.MockitoTestExecutionListener, org.springframework.boot.test.mock.mockito.ResetMocksTestExecutionListener, org.springframework.test.context.web.ServletTestExecutionListener, org.springframework.test.context.support.DirtiesContextBeforeModesTestExecutionListener, org.springframework.test.context.support.DependencyInjectionTestExecutionListener, org.springframework.test.context.support.DirtiesContextTestExecutionListener, org.springframework.test.context.transaction.TransactionalTestExecutionListener, org.springframework.test.context.jdbc.SqlScriptsTestExecutionListener]
2020-10-27 17:50:27.218  INFO 20228 --- [    Test worker] .b.t.a.w.s.WebMvcTestContextBootstrapper : Using TestExecutionListeners: [org.springframework.test.context.web.ServletTestExecutionListener@6e70c0dd, org.springframework.test.context.support.DirtiesContextBeforeModesTestExecutionListener@2179f2bb, org.springframework.boot.test.mock.mockito.MockitoTestExecutionListener@65b5ba41, org.springframework.boot.test.autoconfigure.SpringBootDependencyInjectionTestExecutionListener@59b01286, org.springframework.test.context.support.DirtiesContextTestExecutionListener@31ae4745, org.springframework.test.context.transaction.TransactionalTestExecutionListener@5f2c87e1, org.springframework.test.context.jdbc.SqlScriptsTestExecutionListener@178359f7, org.springframework.security.test.context.support.WithSecurityContextTestExecutionListener@4e7e4da3, org.springframework.security.test.context.support.ReactorContextTestExecutionListener@da9bf46, org.springframework.boot.test.autoconfigure.restdocs.RestDocsTestExecutionListener@3681229d, org.springframework.boot.test.autoconfigure.web.client.MockRestServiceServerResetTestExecutionListener@3b40895b, org.springframework.boot.test.autoconfigure.web.servlet.MockMvcPrintOnlyOnFailureTestExecutionListener@7efd8c5, org.springframework.boot.test.autoconfigure.web.servlet.WebDriverTestExecutionListener@47fc04f1, org.springframework.boot.test.mock.mockito.ResetMocksTestExecutionListener@78565359]

  .   ____          _            __ _ _
 /\\ / ___'_ __ _ _(_)_ __  __ _ \ \ \ \
( ( )\___ | '_ | '_| | '_ \/ _` | \ \ \ \
 \\/  ___)| |_)| | | | | || (_| |  ) ) ) )
  '  |____| .__|_| |_|_| |_\__, | / / / /
 =========|_|==============|___/=/_/_/_/
 :: Spring Boot ::        (v2.1.7.RELEASE)

2020-10-27 17:50:27.318  INFO 20228 --- [    Test worker] c.e.springboot.web.HelloControllerTest   : Starting HelloControllerTest on DESKTOP-VJI6FO7 with PID 20228 (started by orange in C:\Users\orange\IdeaProjects\springboot-webService)
2020-10-27 17:50:27.320  INFO 20228 --- [    Test worker] c.e.springboot.web.HelloControllerTest   : No active profile set, falling back to default profiles: default
2020-10-27 17:50:27.887  INFO 20228 --- [    Test worker] o.s.s.concurrent.ThreadPoolTaskExecutor  : Initializing ExecutorService 'applicationTaskExecutor'
2020-10-27 17:50:27.923  INFO 20228 --- [    Test worker] o.s.b.a.w.s.WelcomePageHandlerMapping    : Adding welcome page template: index
2020-10-27 17:50:28.138  INFO 20228 --- [    Test worker] .s.s.UserDetailsServiceAutoConfiguration : 

Using generated security password: bf7dc060-0295-4115-bd78-9dca7cc279da

2020-10-27 17:50:28.268  INFO 20228 --- [    Test worker] o.s.s.web.DefaultSecurityFilterChain     : Creating filter chain: any request, [org.springframework.security.web.context.request.async.WebAsyncManagerIntegrationFilter@7eaa4126, org.springframework.security.web.context.SecurityContextPersistenceFilter@4115149f, org.springframework.security.web.header.HeaderWriterFilter@1fb81bdd, org.springframework.security.web.csrf.CsrfFilter@73e6da60, org.springframework.security.web.authentication.logout.LogoutFilter@267912f8, org.springframework.security.web.authentication.UsernamePasswordAuthenticationFilter@323ce856, org.springframework.security.web.authentication.ui.DefaultLoginPageGeneratingFilter@2beb8795, org.springframework.security.web.authentication.ui.DefaultLogoutPageGeneratingFilter@7f0f24cd, org.springframework.security.web.authentication.www.BasicAuthenticationFilter@43ce2cd4, org.springframework.security.web.savedrequest.RequestCacheAwareFilter@693b0aab, org.springframework.security.web.servletapi.SecurityContextHolderAwareRequestFilter@368282a2, org.springframework.security.web.authentication.AnonymousAuthenticationFilter@4d151f74, org.springframework.security.web.session.SessionManagementFilter@5ac8f790, org.springframework.security.web.access.ExceptionTranslationFilter@1d86b016, org.springframework.security.web.access.intercept.FilterSecurityInterceptor@1e0fe2ba]
2020-10-27 17:50:28.314  INFO 20228 --- [    Test worker] o.s.b.t.m.w.SpringBootMockServletContext : Initializing Spring TestDispatcherServlet ''
2020-10-27 17:50:28.314  INFO 20228 --- [    Test worker] o.s.t.web.servlet.TestDispatcherServlet  : Initializing Servlet ''
2020-10-27 17:50:28.325  INFO 20228 --- [    Test worker] o.s.t.web.servlet.TestDispatcherServlet  : Completed initialization in 11 ms
2020-10-27 17:50:28.351  INFO 20228 --- [    Test worker] c.e.springboot.web.HelloControllerTest   : Started HelloControllerTest in 1.125 seconds (JVM running for 9.793)
]]></system-out>
  <system-err><![CDATA[]]></system-err>
</testsuite>
