<?xml version="1.0" encoding="UTF-8"?>
<testsuite name="com.example.springboot.web.IndexControllerTest" tests="1" skipped="0" failures="0" errors="0" timestamp="2020-10-22T08:36:30" hostname="DESKTOP-VJI6FO7" time="0.271">
  <properties/>
  <testcase name="load_mainPage" classname="com.example.springboot.web.IndexControllerTest" time="0.271"/>
  <system-out><![CDATA[2020-10-22 17:36:27.284  INFO 10168 --- [    Test worker] .b.t.c.SpringBootTestContextBootstrapper : Neither @ContextConfiguration nor @ContextHierarchy found for test class [com.example.springboot.web.IndexControllerTest], using SpringBootContextLoader
2020-10-22 17:36:27.286  INFO 10168 --- [    Test worker] o.s.t.c.support.AbstractContextLoader    : Could not detect default resource locations for test class [com.example.springboot.web.IndexControllerTest]: no resource found for suffixes {-context.xml, Context.groovy}.
2020-10-22 17:36:27.287  INFO 10168 --- [    Test worker] t.c.s.AnnotationConfigContextLoaderUtils : Could not detect default configuration classes for test class [com.example.springboot.web.IndexControllerTest]: IndexControllerTest does not declare any static, non-private, non-final, nested classes annotated with @Configuration.
2020-10-22 17:36:27.289  INFO 10168 --- [    Test worker] .b.t.c.SpringBootTestContextBootstrapper : Found @SpringBootConfiguration com.example.springboot.Application for test class com.example.springboot.web.IndexControllerTest
2020-10-22 17:36:27.290  INFO 10168 --- [    Test worker] .b.t.c.SpringBootTestContextBootstrapper : Loaded default TestExecutionListener class names from location [META-INF/spring.factories]: [org.springframework.security.test.context.support.WithSecurityContextTestExecutionListener, org.springframework.security.test.context.support.ReactorContextTestExecutionListener, org.springframework.boot.test.autoconfigure.restdocs.RestDocsTestExecutionListener, org.springframework.boot.test.autoconfigure.web.client.MockRestServiceServerResetTestExecutionListener, org.springframework.boot.test.autoconfigure.web.servlet.MockMvcPrintOnlyOnFailureTestExecutionListener, org.springframework.boot.test.autoconfigure.web.servlet.WebDriverTestExecutionListener, org.springframework.boot.test.mock.mockito.MockitoTestExecutionListener, org.springframework.boot.test.mock.mockito.ResetMocksTestExecutionListener, org.springframework.test.context.web.ServletTestExecutionListener, org.springframework.test.context.support.DirtiesContextBeforeModesTestExecutionListener, org.springframework.test.context.support.DependencyInjectionTestExecutionListener, org.springframework.test.context.support.DirtiesContextTestExecutionListener, org.springframework.test.context.transaction.TransactionalTestExecutionListener, org.springframework.test.context.jdbc.SqlScriptsTestExecutionListener]
2020-10-22 17:36:27.291  INFO 10168 --- [    Test worker] .b.t.c.SpringBootTestContextBootstrapper : Using TestExecutionListeners: [org.springframework.test.context.web.ServletTestExecutionListener@711a3ce, org.springframework.test.context.support.DirtiesContextBeforeModesTestExecutionListener@43ffafab, org.springframework.boot.test.mock.mockito.MockitoTestExecutionListener@41ebc7e2, org.springframework.boot.test.autoconfigure.SpringBootDependencyInjectionTestExecutionListener@60b5ef7c, org.springframework.test.context.support.DirtiesContextTestExecutionListener@6ab03f77, org.springframework.test.context.transaction.TransactionalTestExecutionListener@548c477d, org.springframework.test.context.jdbc.SqlScriptsTestExecutionListener@4bc75ed9, org.springframework.security.test.context.support.WithSecurityContextTestExecutionListener@4c696d2, org.springframework.security.test.context.support.ReactorContextTestExecutionListener@6f664aba, org.springframework.boot.test.autoconfigure.restdocs.RestDocsTestExecutionListener@59675f84, org.springframework.boot.test.autoconfigure.web.client.MockRestServiceServerResetTestExecutionListener@2827e3e7, org.springframework.boot.test.autoconfigure.web.servlet.MockMvcPrintOnlyOnFailureTestExecutionListener@18e78037, org.springframework.boot.test.autoconfigure.web.servlet.WebDriverTestExecutionListener@45892a0b, org.springframework.boot.test.mock.mockito.ResetMocksTestExecutionListener@26f1c641]

  .   ____          _            __ _ _
 /\\ / ___'_ __ _ _(_)_ __  __ _ \ \ \ \
( ( )\___ | '_ | '_| | '_ \/ _` | \ \ \ \
 \\/  ___)| |_)| | | | | || (_| |  ) ) ) )
  '  |____| .__|_| |_|_| |_\__, | / / / /
 =========|_|==============|___/=/_/_/_/
 :: Spring Boot ::        (v2.1.7.RELEASE)

2020-10-22 17:36:27.330  INFO 10168 --- [    Test worker] c.e.springboot.web.IndexControllerTest   : Starting IndexControllerTest on DESKTOP-VJI6FO7 with PID 10168 (started by orange in C:\Users\orange\IdeaProjects\springboot-webSevice)
2020-10-22 17:36:27.331  INFO 10168 --- [    Test worker] c.e.springboot.web.IndexControllerTest   : No active profile set, falling back to default profiles: default
2020-10-22 17:36:27.589  INFO 10168 --- [    Test worker] .s.d.r.c.RepositoryConfigurationDelegate : Bootstrapping Spring Data repositories in DEFAULT mode.
2020-10-22 17:36:27.622  INFO 10168 --- [    Test worker] .s.d.r.c.RepositoryConfigurationDelegate : Finished Spring Data repository scanning in 33ms. Found 2 repository interfaces.
2020-10-22 17:36:27.721  INFO 10168 --- [    Test worker] trationDelegate$BeanPostProcessorChecker : Bean 'org.springframework.transaction.annotation.ProxyTransactionManagementConfiguration' of type [org.springframework.transaction.annotation.ProxyTransactionManagementConfiguration$$EnhancerBySpringCGLIB$$9094bb20] is not eligible for getting processed by all BeanPostProcessors (for example: not eligible for auto-proxying)
2020-10-22 17:36:28.078  INFO 10168 --- [    Test worker] o.s.b.w.embedded.tomcat.TomcatWebServer  : Tomcat initialized with port(s): 0 (http)
2020-10-22 17:36:28.125  INFO 10168 --- [    Test worker] o.apache.catalina.core.StandardService   : Starting service [Tomcat]
2020-10-22 17:36:28.125  INFO 10168 --- [    Test worker] org.apache.catalina.core.StandardEngine  : Starting Servlet engine: [Apache Tomcat/9.0.22]
2020-10-22 17:36:28.348  INFO 10168 --- [    Test worker] o.a.c.c.C.[Tomcat].[localhost].[/]       : Initializing Spring embedded WebApplicationContext
2020-10-22 17:36:28.349  INFO 10168 --- [    Test worker] o.s.web.context.ContextLoader            : Root WebApplicationContext: initialization completed in 1013 ms
2020-10-22 17:36:28.572  INFO 10168 --- [    Test worker] com.zaxxer.hikari.HikariDataSource       : HikariPool-2 - Starting...
2020-10-22 17:36:28.573  INFO 10168 --- [    Test worker] com.zaxxer.hikari.HikariDataSource       : HikariPool-2 - Start completed.
2020-10-22 17:36:28.619  INFO 10168 --- [    Test worker] o.hibernate.jpa.internal.util.LogHelper  : HHH000204: Processing PersistenceUnitInfo [
	name: default
	...]
2020-10-22 17:36:28.631  INFO 10168 --- [    Test worker] org.hibernate.dialect.Dialect            : HHH000400: Using dialect: org.hibernate.dialect.MySQL5InnoDBDialect
Hibernate: drop table if exists posts
Hibernate: drop table if exists user
Hibernate: create table posts (id bigint not null auto_increment, created_date datetime, modified_date datetime, author varchar(255), content TEXT not null, title varchar(500) not null, primary key (id)) engine=InnoDB
Hibernate: create table user (id bigint not null auto_increment, email varchar(255) not null, name varchar(255) not null, picture varchar(255), role varchar(255) not null, primary key (id)) engine=InnoDB
2020-10-22 17:36:28.687  INFO 10168 --- [    Test worker] o.h.t.schema.internal.SchemaCreatorImpl  : HHH000476: Executing import script 'org.hibernate.tool.schema.internal.exec.ScriptSourceInputNonExistentImpl@3b4019cb'
2020-10-22 17:36:28.687  INFO 10168 --- [    Test worker] j.LocalContainerEntityManagerFactoryBean : Initialized JPA EntityManagerFactory for persistence unit 'default'
2020-10-22 17:36:29.181  INFO 10168 --- [    Test worker] o.h.h.i.QueryTranslatorFactoryInitiator  : HHH000397: Using ASTQueryTranslatorFactory
2020-10-22 17:36:29.376  INFO 10168 --- [    Test worker] o.s.s.web.DefaultSecurityFilterChain     : Creating filter chain: any request, [org.springframework.security.web.context.request.async.WebAsyncManagerIntegrationFilter@7a0fd117, org.springframework.security.web.context.SecurityContextPersistenceFilter@175b61b3, org.springframework.security.web.header.HeaderWriterFilter@43ab5b7d, org.springframework.security.web.authentication.logout.LogoutFilter@243e4fe1, org.springframework.security.oauth2.client.web.OAuth2AuthorizationRequestRedirectFilter@74d2f750, org.springframework.security.oauth2.client.web.OAuth2LoginAuthenticationFilter@28c2c54e, org.springframework.security.web.authentication.ui.DefaultLoginPageGeneratingFilter@6824fdaf, org.springframework.security.web.authentication.ui.DefaultLogoutPageGeneratingFilter@76d5c7df, org.springframework.security.web.savedrequest.RequestCacheAwareFilter@42a8bebd, org.springframework.security.web.servletapi.SecurityContextHolderAwareRequestFilter@5b417526, org.springframework.security.web.authentication.AnonymousAuthenticationFilter@15dec622, org.springframework.security.web.session.SessionManagementFilter@4c7fe524, org.springframework.security.web.access.ExceptionTranslationFilter@21fe9b0e, org.springframework.security.web.access.intercept.FilterSecurityInterceptor@4fa87fc6]
2020-10-22 17:36:29.570  INFO 10168 --- [    Test worker] o.s.s.concurrent.ThreadPoolTaskExecutor  : Initializing ExecutorService 'applicationTaskExecutor'
2020-10-22 17:36:29.582  WARN 10168 --- [    Test worker] aWebConfiguration$JpaWebMvcConfiguration : spring.jpa.open-in-view is enabled by default. Therefore, database queries may be performed during view rendering. Explicitly configure spring.jpa.open-in-view to disable this warning
2020-10-22 17:36:29.605  INFO 10168 --- [    Test worker] o.s.b.a.w.s.WelcomePageHandlerMapping    : Adding welcome page template: index
2020-10-22 17:36:30.006  INFO 10168 --- [    Test worker] s.a.ScheduledAnnotationBeanPostProcessor : No TaskScheduler/ScheduledExecutorService bean found for scheduled processing
2020-10-22 17:36:30.036  INFO 10168 --- [    Test worker] o.s.b.w.embedded.tomcat.TomcatWebServer  : Tomcat started on port(s): 49776 (http) with context path ''
2020-10-22 17:36:30.037  INFO 10168 --- [    Test worker] c.e.springboot.web.IndexControllerTest   : Started IndexControllerTest in 2.744 seconds (JVM running for 13.078)
2020-10-22 17:36:30.133  INFO 10168 --- [o-auto-1-exec-1] o.a.c.c.C.[Tomcat].[localhost].[/]       : Initializing Spring DispatcherServlet 'dispatcherServlet'
2020-10-22 17:36:30.133  INFO 10168 --- [o-auto-1-exec-1] o.s.web.servlet.DispatcherServlet        : Initializing Servlet 'dispatcherServlet'
2020-10-22 17:36:30.158  INFO 10168 --- [o-auto-1-exec-1] o.s.web.servlet.DispatcherServlet        : Completed initialization in 25 ms
Hibernate: select posts0_.id as id1_0_, posts0_.created_date as created_2_0_, posts0_.modified_date as modified3_0_, posts0_.author as author4_0_, posts0_.content as content5_0_, posts0_.title as title6_0_ from posts posts0_ order by posts0_.id DESC
]]></system-out>
  <system-err><![CDATA[]]></system-err>
</testsuite>
